<?xml version="1.0" encoding="UTF-8"?>
<testng-results ignored="0" total="1" passed="1" failed="0" skipped="0">
  <reporter-output>
  </reporter-output>
  <suite started-at="2022-01-08T00:28:58 IST" name="Default suite" finished-at="2022-01-08T00:29:17 IST" duration-ms="19126">
    <groups>
    </groups>
    <test started-at="2022-01-08T00:28:58 IST" name="Default test" finished-at="2022-01-08T00:29:17 IST" duration-ms="19126">
      <class name="testCases.IndexPageTest">
        <test-method is-config="true" signature="loadConfig()[pri:0, instance:testCases.IndexPageTest@505fc5a4]" started-at="2022-01-08T00:28:58 IST" name="loadConfig" finished-at="2022-01-08T00:28:58 IST" duration-ms="22" status="PASS">
          <reporter-output>
          </reporter-output>
        </test-method> <!-- loadConfig -->
        <test-method is-config="true" signature="setUp()[pri:0, instance:testCases.IndexPageTest@505fc5a4]" started-at="2022-01-08T00:28:58 IST" name="setUp" finished-at="2022-01-08T00:29:14 IST" duration-ms="15727" status="PASS">
          <reporter-output>
          </reporter-output>
        </test-method> <!-- setUp -->
        <test-method signature="launchSigninPage()[pri:0, instance:testCases.IndexPageTest@505fc5a4]" started-at="2022-01-08T00:29:14 IST" name="launchSigninPage" finished-at="2022-01-08T00:29:17 IST" duration-ms="2732" status="PASS">
          <reporter-output>
          </reporter-output>
        </test-method> <!-- launchSigninPage -->
        <test-method is-config="true" signature="tearDown()[pri:0, instance:testCases.IndexPageTest@505fc5a4]" started-at="2022-01-08T00:29:17 IST" name="tearDown" finished-at="2022-01-08T00:29:17 IST" duration-ms="538" status="PASS">
          <reporter-output>
          </reporter-output>
        </test-method> <!-- tearDown -->
      </class> <!-- testCases.IndexPageTest -->
    </test> <!-- Default test -->
  </suite> <!-- Default suite -->
</testng-results>
